[0.023s] Invoking command in '/home/sungdeok/turtlebot3_ws/build/turtlebot3_navigation2': CMAKE_PREFIX_PATH=/opt/ros/humble /usr/bin/cmake /home/sungdeok/turtlebot3_ws/src/turtlebot3/turtlebot3_navigation2 -DAMENT_CMAKE_SYMLINK_INSTALL=1 -DCMAKE_INSTALL_PREFIX=/home/sungdeok/turtlebot3_ws/install/turtlebot3_navigation2
[0.144s] -- The C compiler identification is GNU 11.4.0
[0.276s] -- The CXX compiler identification is GNU 11.4.0
[0.296s] -- Detecting C compiler ABI info
[0.446s] -- Detecting C compiler ABI info - done
[0.459s] -- Check for working C compiler: /usr/bin/cc - skipped
[0.459s] -- Detecting C compile features
[0.459s] -- Detecting C compile features - done
[0.465s] -- Detecting CXX compiler ABI info
[0.590s] -- Detecting CXX compiler ABI info - done
[0.606s] -- Check for working CXX compiler: /usr/bin/c++ - skipped
[0.606s] -- Detecting CXX compile features
[0.606s] -- Detecting CXX compile features - done
[0.609s] -- Found ament_cmake: 1.3.12 (/opt/ros/humble/share/ament_cmake/cmake)
[2.158s] -- Found Python3: /usr/bin/python3 (found version "3.10.12") found components: Interpreter 
[2.332s] -- Override CMake install command with custom implementation using symlinks instead of copying resources
[2.659s] -- Configuring done
[2.664s] -- Generating done
[2.672s] -- Build files have been written to: /home/sungdeok/turtlebot3_ws/build/turtlebot3_navigation2
[2.697s] Invoked command in '/home/sungdeok/turtlebot3_ws/build/turtlebot3_navigation2' returned '0': CMAKE_PREFIX_PATH=/opt/ros/humble /usr/bin/cmake /home/sungdeok/turtlebot3_ws/src/turtlebot3/turtlebot3_navigation2 -DAMENT_CMAKE_SYMLINK_INSTALL=1 -DCMAKE_INSTALL_PREFIX=/home/sungdeok/turtlebot3_ws/install/turtlebot3_navigation2
[2.706s] Invoking command in '/home/sungdeok/turtlebot3_ws/build/turtlebot3_navigation2': CMAKE_PREFIX_PATH=/opt/ros/humble /usr/bin/cmake --build /home/sungdeok/turtlebot3_ws/build/turtlebot3_navigation2 -- -j2 -l2
[2.881s] Invoked command in '/home/sungdeok/turtlebot3_ws/build/turtlebot3_navigation2' returned '0': CMAKE_PREFIX_PATH=/opt/ros/humble /usr/bin/cmake --build /home/sungdeok/turtlebot3_ws/build/turtlebot3_navigation2 -- -j2 -l2
[2.888s] Invoking command in '/home/sungdeok/turtlebot3_ws/build/turtlebot3_navigation2': CMAKE_PREFIX_PATH=/opt/ros/humble /usr/bin/cmake --install /home/sungdeok/turtlebot3_ws/build/turtlebot3_navigation2
[2.931s] -- Install configuration: ""
[2.933s] -- Execute custom install script
[2.941s] -- Symlinking: /home/sungdeok/turtlebot3_ws/install/turtlebot3_navigation2/share/turtlebot3_navigation2/launch/navigation2.launch.py
[2.976s] -- Symlinking: /home/sungdeok/turtlebot3_ws/install/turtlebot3_navigation2/share/turtlebot3_navigation2/map/map.pgm
[2.998s] -- Symlinking: /home/sungdeok/turtlebot3_ws/install/turtlebot3_navigation2/share/turtlebot3_navigation2/map/map.yaml
[3.020s] -- Symlinking: /home/sungdeok/turtlebot3_ws/install/turtlebot3_navigation2/share/turtlebot3_navigation2/param/burger.yaml
[3.033s] -- Symlinking: /home/sungdeok/turtlebot3_ws/install/turtlebot3_navigation2/share/turtlebot3_navigation2/param/burger_cam.yaml
[3.046s] -- Symlinking: /home/sungdeok/turtlebot3_ws/install/turtlebot3_navigation2/share/turtlebot3_navigation2/param/humble/burger.yaml
[3.061s] -- Symlinking: /home/sungdeok/turtlebot3_ws/install/turtlebot3_navigation2/share/turtlebot3_navigation2/param/humble/burger_cam.yaml
[3.075s] -- Symlinking: /home/sungdeok/turtlebot3_ws/install/turtlebot3_navigation2/share/turtlebot3_navigation2/param/humble/waffle.yaml
[3.090s] -- Symlinking: /home/sungdeok/turtlebot3_ws/install/turtlebot3_navigation2/share/turtlebot3_navigation2/param/humble/waffle_pi.yaml
[3.100s] -- Symlinking: /home/sungdeok/turtlebot3_ws/install/turtlebot3_navigation2/share/turtlebot3_navigation2/param/waffle.yaml
[3.112s] -- Symlinking: /home/sungdeok/turtlebot3_ws/install/turtlebot3_navigation2/share/turtlebot3_navigation2/param/waffle_pi.yaml
[3.127s] -- Symlinking: /home/sungdeok/turtlebot3_ws/install/turtlebot3_navigation2/share/turtlebot3_navigation2/rviz/tb3_navigation2.rviz
[3.157s] -- Symlinking: /home/sungdeok/turtlebot3_ws/install/turtlebot3_navigation2/share/ament_index/resource_index/package_run_dependencies/turtlebot3_navigation2
[3.180s] -- Symlinking: /home/sungdeok/turtlebot3_ws/install/turtlebot3_navigation2/share/ament_index/resource_index/parent_prefix_path/turtlebot3_navigation2
[3.203s] -- Symlinking: /home/sungdeok/turtlebot3_ws/install/turtlebot3_navigation2/share/turtlebot3_navigation2/environment/ament_prefix_path.sh
[3.216s] -- Symlinking: /home/sungdeok/turtlebot3_ws/install/turtlebot3_navigation2/share/turtlebot3_navigation2/environment/ament_prefix_path.dsv
[3.230s] -- Symlinking: /home/sungdeok/turtlebot3_ws/install/turtlebot3_navigation2/share/turtlebot3_navigation2/environment/path.sh
[3.242s] -- Symlinking: /home/sungdeok/turtlebot3_ws/install/turtlebot3_navigation2/share/turtlebot3_navigation2/environment/path.dsv
[3.260s] -- Symlinking: /home/sungdeok/turtlebot3_ws/install/turtlebot3_navigation2/share/turtlebot3_navigation2/local_setup.bash
[3.274s] -- Symlinking: /home/sungdeok/turtlebot3_ws/install/turtlebot3_navigation2/share/turtlebot3_navigation2/local_setup.sh
[3.289s] -- Symlinking: /home/sungdeok/turtlebot3_ws/install/turtlebot3_navigation2/share/turtlebot3_navigation2/local_setup.zsh
[3.303s] -- Symlinking: /home/sungdeok/turtlebot3_ws/install/turtlebot3_navigation2/share/turtlebot3_navigation2/local_setup.dsv
[3.315s] -- Symlinking: /home/sungdeok/turtlebot3_ws/install/turtlebot3_navigation2/share/turtlebot3_navigation2/package.dsv
[3.329s] -- Symlinking: /home/sungdeok/turtlebot3_ws/install/turtlebot3_navigation2/share/ament_index/resource_index/packages/turtlebot3_navigation2
[3.341s] -- Symlinking: /home/sungdeok/turtlebot3_ws/install/turtlebot3_navigation2/share/turtlebot3_navigation2/cmake/turtlebot3_navigation2Config.cmake
[3.369s] -- Symlinking: /home/sungdeok/turtlebot3_ws/install/turtlebot3_navigation2/share/turtlebot3_navigation2/cmake/turtlebot3_navigation2Config-version.cmake
[3.391s] -- Symlinking: /home/sungdeok/turtlebot3_ws/install/turtlebot3_navigation2/share/turtlebot3_navigation2/package.xml
[3.414s] Invoked command in '/home/sungdeok/turtlebot3_ws/build/turtlebot3_navigation2' returned '0': CMAKE_PREFIX_PATH=/opt/ros/humble /usr/bin/cmake --install /home/sungdeok/turtlebot3_ws/build/turtlebot3_navigation2
