[2.405s] Invoking command in '/home/sungdeok/turtlebot3_ws/build/turtlebot3_teleop': PYTHONPATH=/home/sungdeok/turtlebot3_ws/build/turtlebot3_teleop/prefix_override:/usr/lib/python3/dist-packages/colcon_core/task/python/colcon_distutils_commands:/home/sungdeok/turtlebot3_ws/install/turtlebot3_teleop/lib/python3.10/site-packages:${PYTHONPATH} /usr/bin/python3 -W ignore:setup.py install is deprecated -W ignore:easy_install command is deprecated setup.py develop --editable --build-directory /home/sungdeok/turtlebot3_ws/build/turtlebot3_teleop/build --no-deps symlink_data
[3.506s] running develop
[4.015s] running egg_info
[4.015s] creating turtlebot3_teleop.egg-info
[4.037s] writing turtlebot3_teleop.egg-info/PKG-INFO
[4.038s] writing dependency_links to turtlebot3_teleop.egg-info/dependency_links.txt
[4.038s] writing entry points to turtlebot3_teleop.egg-info/entry_points.txt
[4.039s] writing requirements to turtlebot3_teleop.egg-info/requires.txt
[4.039s] writing top-level names to turtlebot3_teleop.egg-info/top_level.txt
[4.040s] writing manifest file 'turtlebot3_teleop.egg-info/SOURCES.txt'
[4.089s] reading manifest file 'turtlebot3_teleop.egg-info/SOURCES.txt'
[4.091s] writing manifest file 'turtlebot3_teleop.egg-info/SOURCES.txt'
[4.116s] running build_ext
[4.116s] Creating /home/sungdeok/turtlebot3_ws/install/turtlebot3_teleop/lib/python3.10/site-packages/turtlebot3-teleop.egg-link (link to .)
[4.117s] Installing teleop_keyboard script to /home/sungdeok/turtlebot3_ws/install/turtlebot3_teleop/lib/turtlebot3_teleop
[4.118s] 
[4.119s] Installed /home/sungdeok/turtlebot3_ws/build/turtlebot3_teleop
[4.119s] running symlink_data
[4.119s] creating /home/sungdeok/turtlebot3_ws/install/turtlebot3_teleop/share/ament_index
[4.121s] creating /home/sungdeok/turtlebot3_ws/install/turtlebot3_teleop/share/ament_index/resource_index
[4.121s] creating /home/sungdeok/turtlebot3_ws/install/turtlebot3_teleop/share/ament_index/resource_index/packages
[4.122s] symbolically linking /home/sungdeok/turtlebot3_ws/build/turtlebot3_teleop/resource/turtlebot3_teleop -> /home/sungdeok/turtlebot3_ws/install/turtlebot3_teleop/share/ament_index/resource_index/packages
[4.122s] symbolically linking /home/sungdeok/turtlebot3_ws/build/turtlebot3_teleop/package.xml -> /home/sungdeok/turtlebot3_ws/install/turtlebot3_teleop/share/turtlebot3_teleop
[4.215s] Invoked command in '/home/sungdeok/turtlebot3_ws/build/turtlebot3_teleop' returned '0': PYTHONPATH=/home/sungdeok/turtlebot3_ws/build/turtlebot3_teleop/prefix_override:/usr/lib/python3/dist-packages/colcon_core/task/python/colcon_distutils_commands:/home/sungdeok/turtlebot3_ws/install/turtlebot3_teleop/lib/python3.10/site-packages:${PYTHONPATH} /usr/bin/python3 -W ignore:setup.py install is deprecated -W ignore:easy_install command is deprecated setup.py develop --editable --build-directory /home/sungdeok/turtlebot3_ws/build/turtlebot3_teleop/build --no-deps symlink_data
