[0.028s] Invoking command in '/home/sungdeok/turtlebot3_ws/build/turtlebot3_description': CMAKE_PREFIX_PATH=/opt/ros/humble /usr/bin/cmake /home/sungdeok/turtlebot3_ws/src/turtlebot3/turtlebot3_description -DAMENT_CMAKE_SYMLINK_INSTALL=1 -DCMAKE_INSTALL_PREFIX=/home/sungdeok/turtlebot3_ws/install/turtlebot3_description
[0.097s] -- The C compiler identification is GNU 11.4.0
[0.174s] -- The CXX compiler identification is GNU 11.4.0
[0.181s] -- Detecting C compiler ABI info
[0.265s] -- Detecting C compiler ABI info - done
[0.274s] -- Check for working C compiler: /usr/bin/cc - skipped
[0.275s] -- Detecting C compile features
[0.275s] -- Detecting C compile features - done
[0.280s] -- Detecting CXX compiler ABI info
[0.379s] -- Detecting CXX compiler ABI info - done
[0.387s] -- Check for working CXX compiler: /usr/bin/c++ - skipped
[0.387s] -- Detecting CXX compile features
[0.388s] -- Detecting CXX compile features - done
[0.392s] -- Found ament_cmake: 1.3.12 (/opt/ros/humble/share/ament_cmake/cmake)
[1.693s] -- Found Python3: /usr/bin/python3 (found version "3.10.12") found components: Interpreter 
[1.806s] -- Override CMake install command with custom implementation using symlinks instead of copying resources
[1.858s] -- Found urdf: 2.6.1 (/opt/ros/humble/share/urdf/cmake)
[2.162s] -- Configuring done
[2.170s] -- Generating done
[2.175s] -- Build files have been written to: /home/sungdeok/turtlebot3_ws/build/turtlebot3_description
[2.187s] Invoked command in '/home/sungdeok/turtlebot3_ws/build/turtlebot3_description' returned '0': CMAKE_PREFIX_PATH=/opt/ros/humble /usr/bin/cmake /home/sungdeok/turtlebot3_ws/src/turtlebot3/turtlebot3_description -DAMENT_CMAKE_SYMLINK_INSTALL=1 -DCMAKE_INSTALL_PREFIX=/home/sungdeok/turtlebot3_ws/install/turtlebot3_description
[2.188s] Invoking command in '/home/sungdeok/turtlebot3_ws/build/turtlebot3_description': CMAKE_PREFIX_PATH=/opt/ros/humble /usr/bin/cmake --build /home/sungdeok/turtlebot3_ws/build/turtlebot3_description -- -j2 -l2
[2.271s] Invoked command in '/home/sungdeok/turtlebot3_ws/build/turtlebot3_description' returned '0': CMAKE_PREFIX_PATH=/opt/ros/humble /usr/bin/cmake --build /home/sungdeok/turtlebot3_ws/build/turtlebot3_description -- -j2 -l2
[2.287s] Invoking command in '/home/sungdeok/turtlebot3_ws/build/turtlebot3_description': CMAKE_PREFIX_PATH=/opt/ros/humble /usr/bin/cmake --install /home/sungdeok/turtlebot3_ws/build/turtlebot3_description
[2.300s] -- Install configuration: ""
[2.301s] -- Execute custom install script
[2.302s] -- Symlinking: /home/sungdeok/turtlebot3_ws/install/turtlebot3_description/share/turtlebot3_description/meshes/bases/burger_base.stl
[2.317s] -- Symlinking: /home/sungdeok/turtlebot3_ws/install/turtlebot3_description/share/turtlebot3_description/meshes/bases/waffle_base.stl
[2.330s] -- Symlinking: /home/sungdeok/turtlebot3_ws/install/turtlebot3_description/share/turtlebot3_description/meshes/bases/waffle_pi_base.stl
[2.354s] -- Symlinking: /home/sungdeok/turtlebot3_ws/install/turtlebot3_description/share/turtlebot3_description/meshes/sensors/astra.dae
[2.366s] -- Symlinking: /home/sungdeok/turtlebot3_ws/install/turtlebot3_description/share/turtlebot3_description/meshes/sensors/astra.jpg
[2.387s] -- Symlinking: /home/sungdeok/turtlebot3_ws/install/turtlebot3_description/share/turtlebot3_description/meshes/sensors/lds.stl
[2.401s] -- Symlinking: /home/sungdeok/turtlebot3_ws/install/turtlebot3_description/share/turtlebot3_description/meshes/sensors/r200.dae
[2.414s] -- Symlinking: /home/sungdeok/turtlebot3_ws/install/turtlebot3_description/share/turtlebot3_description/meshes/sensors/r200.jpg
[2.428s] -- Symlinking: /home/sungdeok/turtlebot3_ws/install/turtlebot3_description/share/turtlebot3_description/meshes/wheels/left_tire.stl
[2.443s] -- Symlinking: /home/sungdeok/turtlebot3_ws/install/turtlebot3_description/share/turtlebot3_description/meshes/wheels/right_tire.stl
[2.464s] -- Symlinking: /home/sungdeok/turtlebot3_ws/install/turtlebot3_description/share/turtlebot3_description/rviz/model.rviz
[2.478s] -- Symlinking: /home/sungdeok/turtlebot3_ws/install/turtlebot3_description/share/turtlebot3_description/urdf/common_properties.urdf
[2.491s] -- Symlinking: /home/sungdeok/turtlebot3_ws/install/turtlebot3_description/share/turtlebot3_description/urdf/turtlebot3_burger.urdf
[2.507s] -- Symlinking: /home/sungdeok/turtlebot3_ws/install/turtlebot3_description/share/turtlebot3_description/urdf/turtlebot3_waffle.urdf
[2.522s] -- Symlinking: /home/sungdeok/turtlebot3_ws/install/turtlebot3_description/share/turtlebot3_description/urdf/turtlebot3_waffle_pi.urdf
[2.549s] -- Symlinking: /home/sungdeok/turtlebot3_ws/install/turtlebot3_description/share/ament_index/resource_index/package_run_dependencies/turtlebot3_description
[2.573s] -- Symlinking: /home/sungdeok/turtlebot3_ws/install/turtlebot3_description/share/ament_index/resource_index/parent_prefix_path/turtlebot3_description
[2.597s] -- Symlinking: /home/sungdeok/turtlebot3_ws/install/turtlebot3_description/share/turtlebot3_description/environment/ament_prefix_path.sh
[2.619s] -- Symlinking: /home/sungdeok/turtlebot3_ws/install/turtlebot3_description/share/turtlebot3_description/environment/ament_prefix_path.dsv
[2.644s] -- Symlinking: /home/sungdeok/turtlebot3_ws/install/turtlebot3_description/share/turtlebot3_description/environment/path.sh
[2.679s] -- Symlinking: /home/sungdeok/turtlebot3_ws/install/turtlebot3_description/share/turtlebot3_description/environment/path.dsv
[2.701s] -- Symlinking: /home/sungdeok/turtlebot3_ws/install/turtlebot3_description/share/turtlebot3_description/local_setup.bash
[2.723s] -- Symlinking: /home/sungdeok/turtlebot3_ws/install/turtlebot3_description/share/turtlebot3_description/local_setup.sh
[2.748s] -- Symlinking: /home/sungdeok/turtlebot3_ws/install/turtlebot3_description/share/turtlebot3_description/local_setup.zsh
[2.768s] -- Symlinking: /home/sungdeok/turtlebot3_ws/install/turtlebot3_description/share/turtlebot3_description/local_setup.dsv
[2.780s] -- Symlinking: /home/sungdeok/turtlebot3_ws/install/turtlebot3_description/share/turtlebot3_description/package.dsv
[2.793s] -- Symlinking: /home/sungdeok/turtlebot3_ws/install/turtlebot3_description/share/ament_index/resource_index/packages/turtlebot3_description
[2.806s] -- Symlinking: /home/sungdeok/turtlebot3_ws/install/turtlebot3_description/share/turtlebot3_description/cmake/turtlebot3_descriptionConfig.cmake
[2.819s] -- Symlinking: /home/sungdeok/turtlebot3_ws/install/turtlebot3_description/share/turtlebot3_description/cmake/turtlebot3_descriptionConfig-version.cmake
[2.836s] -- Symlinking: /home/sungdeok/turtlebot3_ws/install/turtlebot3_description/share/turtlebot3_description/package.xml
[2.859s] Invoked command in '/home/sungdeok/turtlebot3_ws/build/turtlebot3_description' returned '0': CMAKE_PREFIX_PATH=/opt/ros/humble /usr/bin/cmake --install /home/sungdeok/turtlebot3_ws/build/turtlebot3_description
