[0.043s] Invoking command in '/home/sungdeok/turtlebot3_ws/build/turtlebot3_simulations': AMENT_PREFIX_PATH=/home/sungdeok/turtlebot3_ws/install/turtlebot3_fake_node:/home/sungdeok/turtlebot3_ws/install/turtlebot3_msgs:/home/sungdeok/turtlebot3_ws/install/turtlebot3_manipulation_gazebo:/home/sungdeok/turtlebot3_ws/install/turtlebot3_gazebo:${AMENT_PREFIX_PATH} CMAKE_PREFIX_PATH=/home/sungdeok/turtlebot3_ws/install/turtlebot3_fake_node:/home/sungdeok/turtlebot3_ws/install/turtlebot3_msgs:/home/sungdeok/turtlebot3_ws/install/turtlebot3_manipulation_gazebo:/home/sungdeok/turtlebot3_ws/install/turtlebot3_gazebo:/opt/ros/humble LD_LIBRARY_PATH=/home/sungdeok/turtlebot3_ws/install/turtlebot3_msgs/lib:/usr/lib/x86_64-linux-gnu/gazebo-11/plugins:/opt/ros/humble/opt/rviz_ogre_vendor/lib:/opt/ros/humble/lib/x86_64-linux-gnu:/opt/ros/humble/lib:/usr/lib/x86_64-linux-gnu/gazebo-11/plugins PYTHONPATH=/home/sungdeok/turtlebot3_ws/install/turtlebot3_msgs/local/lib/python3.10/dist-packages:${PYTHONPATH} /usr/bin/cmake /home/sungdeok/turtlebot3_ws/src/turtlebot3_simulations/turtlebot3_simulations -DAMENT_CMAKE_SYMLINK_INSTALL=1 -DCMAKE_INSTALL_PREFIX=/home/sungdeok/turtlebot3_ws/install/turtlebot3_simulations
[0.187s] -- The C compiler identification is GNU 11.4.0
[0.272s] -- The CXX compiler identification is GNU 11.4.0
[0.293s] -- Detecting C compiler ABI info
[0.430s] -- Detecting C compiler ABI info - done
[0.449s] -- Check for working C compiler: /usr/bin/cc - skipped
[0.450s] -- Detecting C compile features
[0.452s] -- Detecting C compile features - done
[0.459s] -- Detecting CXX compiler ABI info
[0.670s] -- Detecting CXX compiler ABI info - done
[0.697s] -- Check for working CXX compiler: /usr/bin/c++ - skipped
[0.698s] -- Detecting CXX compile features
[0.699s] -- Detecting CXX compile features - done
[0.705s] -- Found ament_cmake: 1.3.12 (/opt/ros/humble/share/ament_cmake/cmake)
[2.119s] -- Found Python3: /usr/bin/python3 (found version "3.10.12") found components: Interpreter 
[2.243s] -- Override CMake install command with custom implementation using symlinks instead of copying resources
[2.379s] -- Configuring done
[2.382s] -- Generating done
[2.385s] -- Build files have been written to: /home/sungdeok/turtlebot3_ws/build/turtlebot3_simulations
[2.392s] Invoked command in '/home/sungdeok/turtlebot3_ws/build/turtlebot3_simulations' returned '0': AMENT_PREFIX_PATH=/home/sungdeok/turtlebot3_ws/install/turtlebot3_fake_node:/home/sungdeok/turtlebot3_ws/install/turtlebot3_msgs:/home/sungdeok/turtlebot3_ws/install/turtlebot3_manipulation_gazebo:/home/sungdeok/turtlebot3_ws/install/turtlebot3_gazebo:${AMENT_PREFIX_PATH} CMAKE_PREFIX_PATH=/home/sungdeok/turtlebot3_ws/install/turtlebot3_fake_node:/home/sungdeok/turtlebot3_ws/install/turtlebot3_msgs:/home/sungdeok/turtlebot3_ws/install/turtlebot3_manipulation_gazebo:/home/sungdeok/turtlebot3_ws/install/turtlebot3_gazebo:/opt/ros/humble LD_LIBRARY_PATH=/home/sungdeok/turtlebot3_ws/install/turtlebot3_msgs/lib:/usr/lib/x86_64-linux-gnu/gazebo-11/plugins:/opt/ros/humble/opt/rviz_ogre_vendor/lib:/opt/ros/humble/lib/x86_64-linux-gnu:/opt/ros/humble/lib:/usr/lib/x86_64-linux-gnu/gazebo-11/plugins PYTHONPATH=/home/sungdeok/turtlebot3_ws/install/turtlebot3_msgs/local/lib/python3.10/dist-packages:${PYTHONPATH} /usr/bin/cmake /home/sungdeok/turtlebot3_ws/src/turtlebot3_simulations/turtlebot3_simulations -DAMENT_CMAKE_SYMLINK_INSTALL=1 -DCMAKE_INSTALL_PREFIX=/home/sungdeok/turtlebot3_ws/install/turtlebot3_simulations
[2.392s] Invoking command in '/home/sungdeok/turtlebot3_ws/build/turtlebot3_simulations': AMENT_PREFIX_PATH=/home/sungdeok/turtlebot3_ws/install/turtlebot3_fake_node:/home/sungdeok/turtlebot3_ws/install/turtlebot3_msgs:/home/sungdeok/turtlebot3_ws/install/turtlebot3_manipulation_gazebo:/home/sungdeok/turtlebot3_ws/install/turtlebot3_gazebo:${AMENT_PREFIX_PATH} CMAKE_PREFIX_PATH=/home/sungdeok/turtlebot3_ws/install/turtlebot3_fake_node:/home/sungdeok/turtlebot3_ws/install/turtlebot3_msgs:/home/sungdeok/turtlebot3_ws/install/turtlebot3_manipulation_gazebo:/home/sungdeok/turtlebot3_ws/install/turtlebot3_gazebo:/opt/ros/humble LD_LIBRARY_PATH=/home/sungdeok/turtlebot3_ws/install/turtlebot3_msgs/lib:/usr/lib/x86_64-linux-gnu/gazebo-11/plugins:/opt/ros/humble/opt/rviz_ogre_vendor/lib:/opt/ros/humble/lib/x86_64-linux-gnu:/opt/ros/humble/lib:/usr/lib/x86_64-linux-gnu/gazebo-11/plugins PYTHONPATH=/home/sungdeok/turtlebot3_ws/install/turtlebot3_msgs/local/lib/python3.10/dist-packages:${PYTHONPATH} /usr/bin/cmake --build /home/sungdeok/turtlebot3_ws/build/turtlebot3_simulations -- -j2 -l2
[2.444s] Invoked command in '/home/sungdeok/turtlebot3_ws/build/turtlebot3_simulations' returned '0': AMENT_PREFIX_PATH=/home/sungdeok/turtlebot3_ws/install/turtlebot3_fake_node:/home/sungdeok/turtlebot3_ws/install/turtlebot3_msgs:/home/sungdeok/turtlebot3_ws/install/turtlebot3_manipulation_gazebo:/home/sungdeok/turtlebot3_ws/install/turtlebot3_gazebo:${AMENT_PREFIX_PATH} CMAKE_PREFIX_PATH=/home/sungdeok/turtlebot3_ws/install/turtlebot3_fake_node:/home/sungdeok/turtlebot3_ws/install/turtlebot3_msgs:/home/sungdeok/turtlebot3_ws/install/turtlebot3_manipulation_gazebo:/home/sungdeok/turtlebot3_ws/install/turtlebot3_gazebo:/opt/ros/humble LD_LIBRARY_PATH=/home/sungdeok/turtlebot3_ws/install/turtlebot3_msgs/lib:/usr/lib/x86_64-linux-gnu/gazebo-11/plugins:/opt/ros/humble/opt/rviz_ogre_vendor/lib:/opt/ros/humble/lib/x86_64-linux-gnu:/opt/ros/humble/lib:/usr/lib/x86_64-linux-gnu/gazebo-11/plugins PYTHONPATH=/home/sungdeok/turtlebot3_ws/install/turtlebot3_msgs/local/lib/python3.10/dist-packages:${PYTHONPATH} /usr/bin/cmake --build /home/sungdeok/turtlebot3_ws/build/turtlebot3_simulations -- -j2 -l2
[2.445s] Invoking command in '/home/sungdeok/turtlebot3_ws/build/turtlebot3_simulations': AMENT_PREFIX_PATH=/home/sungdeok/turtlebot3_ws/install/turtlebot3_fake_node:/home/sungdeok/turtlebot3_ws/install/turtlebot3_msgs:/home/sungdeok/turtlebot3_ws/install/turtlebot3_manipulation_gazebo:/home/sungdeok/turtlebot3_ws/install/turtlebot3_gazebo:${AMENT_PREFIX_PATH} CMAKE_PREFIX_PATH=/home/sungdeok/turtlebot3_ws/install/turtlebot3_fake_node:/home/sungdeok/turtlebot3_ws/install/turtlebot3_msgs:/home/sungdeok/turtlebot3_ws/install/turtlebot3_manipulation_gazebo:/home/sungdeok/turtlebot3_ws/install/turtlebot3_gazebo:/opt/ros/humble LD_LIBRARY_PATH=/home/sungdeok/turtlebot3_ws/install/turtlebot3_msgs/lib:/usr/lib/x86_64-linux-gnu/gazebo-11/plugins:/opt/ros/humble/opt/rviz_ogre_vendor/lib:/opt/ros/humble/lib/x86_64-linux-gnu:/opt/ros/humble/lib:/usr/lib/x86_64-linux-gnu/gazebo-11/plugins PYTHONPATH=/home/sungdeok/turtlebot3_ws/install/turtlebot3_msgs/local/lib/python3.10/dist-packages:${PYTHONPATH} /usr/bin/cmake --install /home/sungdeok/turtlebot3_ws/build/turtlebot3_simulations
[2.453s] -- Install configuration: ""
[2.454s] -- Execute custom install script
[2.454s] -- Symlinking: /home/sungdeok/turtlebot3_ws/install/turtlebot3_simulations/share/ament_index/resource_index/package_run_dependencies/turtlebot3_simulations
[2.466s] -- Symlinking: /home/sungdeok/turtlebot3_ws/install/turtlebot3_simulations/share/ament_index/resource_index/parent_prefix_path/turtlebot3_simulations
[2.477s] -- Symlinking: /home/sungdeok/turtlebot3_ws/install/turtlebot3_simulations/share/turtlebot3_simulations/environment/ament_prefix_path.sh
[2.489s] -- Symlinking: /home/sungdeok/turtlebot3_ws/install/turtlebot3_simulations/share/turtlebot3_simulations/environment/ament_prefix_path.dsv
[2.501s] -- Symlinking: /home/sungdeok/turtlebot3_ws/install/turtlebot3_simulations/share/turtlebot3_simulations/environment/path.sh
[2.517s] -- Symlinking: /home/sungdeok/turtlebot3_ws/install/turtlebot3_simulations/share/turtlebot3_simulations/environment/path.dsv
[2.530s] -- Symlinking: /home/sungdeok/turtlebot3_ws/install/turtlebot3_simulations/share/turtlebot3_simulations/local_setup.bash
[2.540s] -- Symlinking: /home/sungdeok/turtlebot3_ws/install/turtlebot3_simulations/share/turtlebot3_simulations/local_setup.sh
[2.552s] -- Symlinking: /home/sungdeok/turtlebot3_ws/install/turtlebot3_simulations/share/turtlebot3_simulations/local_setup.zsh
[2.565s] -- Symlinking: /home/sungdeok/turtlebot3_ws/install/turtlebot3_simulations/share/turtlebot3_simulations/local_setup.dsv
[2.578s] -- Symlinking: /home/sungdeok/turtlebot3_ws/install/turtlebot3_simulations/share/turtlebot3_simulations/package.dsv
[2.591s] -- Symlinking: /home/sungdeok/turtlebot3_ws/install/turtlebot3_simulations/share/ament_index/resource_index/packages/turtlebot3_simulations
[2.605s] -- Symlinking: /home/sungdeok/turtlebot3_ws/install/turtlebot3_simulations/share/turtlebot3_simulations/cmake/turtlebot3_simulationsConfig.cmake
[2.616s] -- Symlinking: /home/sungdeok/turtlebot3_ws/install/turtlebot3_simulations/share/turtlebot3_simulations/cmake/turtlebot3_simulationsConfig-version.cmake
[2.631s] -- Symlinking: /home/sungdeok/turtlebot3_ws/install/turtlebot3_simulations/share/turtlebot3_simulations/package.xml
[2.645s] Invoked command in '/home/sungdeok/turtlebot3_ws/build/turtlebot3_simulations' returned '0': AMENT_PREFIX_PATH=/home/sungdeok/turtlebot3_ws/install/turtlebot3_fake_node:/home/sungdeok/turtlebot3_ws/install/turtlebot3_msgs:/home/sungdeok/turtlebot3_ws/install/turtlebot3_manipulation_gazebo:/home/sungdeok/turtlebot3_ws/install/turtlebot3_gazebo:${AMENT_PREFIX_PATH} CMAKE_PREFIX_PATH=/home/sungdeok/turtlebot3_ws/install/turtlebot3_fake_node:/home/sungdeok/turtlebot3_ws/install/turtlebot3_msgs:/home/sungdeok/turtlebot3_ws/install/turtlebot3_manipulation_gazebo:/home/sungdeok/turtlebot3_ws/install/turtlebot3_gazebo:/opt/ros/humble LD_LIBRARY_PATH=/home/sungdeok/turtlebot3_ws/install/turtlebot3_msgs/lib:/usr/lib/x86_64-linux-gnu/gazebo-11/plugins:/opt/ros/humble/opt/rviz_ogre_vendor/lib:/opt/ros/humble/lib/x86_64-linux-gnu:/opt/ros/humble/lib:/usr/lib/x86_64-linux-gnu/gazebo-11/plugins PYTHONPATH=/home/sungdeok/turtlebot3_ws/install/turtlebot3_msgs/local/lib/python3.10/dist-packages:${PYTHONPATH} /usr/bin/cmake --install /home/sungdeok/turtlebot3_ws/build/turtlebot3_simulations
