[0.030s] Invoking command in '/home/sungdeok/turtlebot3_ws/build/turtlebot3_node': AMENT_PREFIX_PATH=/home/sungdeok/turtlebot3_ws/install/turtlebot3_msgs:${AMENT_PREFIX_PATH} CMAKE_PREFIX_PATH=/home/sungdeok/turtlebot3_ws/install/turtlebot3_msgs:/opt/ros/humble LD_LIBRARY_PATH=/home/sungdeok/turtlebot3_ws/install/turtlebot3_msgs/lib:/usr/lib/x86_64-linux-gnu/gazebo-11/plugins:/opt/ros/humble/opt/rviz_ogre_vendor/lib:/opt/ros/humble/lib/x86_64-linux-gnu:/opt/ros/humble/lib:/usr/lib/x86_64-linux-gnu/gazebo-11/plugins PYTHONPATH=/home/sungdeok/turtlebot3_ws/install/turtlebot3_msgs/local/lib/python3.10/dist-packages:${PYTHONPATH} /usr/bin/cmake /home/sungdeok/turtlebot3_ws/src/turtlebot3/turtlebot3_node -DAMENT_CMAKE_SYMLINK_INSTALL=1 -DCMAKE_INSTALL_PREFIX=/home/sungdeok/turtlebot3_ws/install/turtlebot3_node
[0.157s] -- The C compiler identification is GNU 11.4.0
[0.314s] -- The CXX compiler identification is GNU 11.4.0
[0.351s] -- Detecting C compiler ABI info
[0.558s] -- Detecting C compiler ABI info - done
[0.569s] -- Check for working C compiler: /usr/bin/cc - skipped
[0.571s] -- Detecting C compile features
[0.573s] -- Detecting C compile features - done
[0.582s] -- Detecting CXX compiler ABI info
[0.715s] -- Detecting CXX compiler ABI info - done
[0.726s] -- Check for working CXX compiler: /usr/bin/c++ - skipped
[0.727s] -- Detecting CXX compile features
[0.728s] -- Detecting CXX compile features - done
[0.747s] -- Found ament_cmake: 1.3.12 (/opt/ros/humble/share/ament_cmake/cmake)
[2.516s] -- Found Python3: /usr/bin/python3 (found version "3.10.12") found components: Interpreter 
[2.680s] -- Override CMake install command with custom implementation using symlinks instead of copying resources
[2.829s] -- Found dynamixel_sdk: 3.8.4 (/opt/ros/humble/share/dynamixel_sdk/cmake)
[2.842s] -- Found geometry_msgs: 4.9.0 (/opt/ros/humble/share/geometry_msgs/cmake)
[3.097s] -- Found rosidl_generator_c: 3.1.7 (/opt/ros/humble/share/rosidl_generator_c/cmake)
[3.126s] -- Found rosidl_adapter: 3.1.7 (/opt/ros/humble/share/rosidl_adapter/cmake)
[3.165s] -- Found rosidl_generator_cpp: 3.1.7 (/opt/ros/humble/share/rosidl_generator_cpp/cmake)
[3.230s] -- Using all available rosidl_typesupport_c: rosidl_typesupport_fastrtps_c;rosidl_typesupport_introspection_c
[3.347s] -- Using all available rosidl_typesupport_cpp: rosidl_typesupport_fastrtps_cpp;rosidl_typesupport_introspection_cpp
[3.515s] -- Found message_filters: 4.3.8 (/opt/ros/humble/share/message_filters/cmake)
[3.642s] -- Found rmw_implementation_cmake: 6.1.2 (/opt/ros/humble/share/rmw_implementation_cmake/cmake)
[3.651s] -- Found rmw_fastrtps_cpp: 6.2.8 (/opt/ros/humble/share/rmw_fastrtps_cpp/cmake)
[3.918s] -- Found OpenSSL: /usr/lib/x86_64-linux-gnu/libcrypto.so (found version "3.0.2")  
[3.966s] -- Found FastRTPS: /opt/ros/humble/include  
[4.024s] -- Using RMW implementation 'rmw_fastrtps_cpp' as default
[4.045s] -- Looking for pthread.h
[4.209s] -- Looking for pthread.h - found
[4.209s] -- Performing Test CMAKE_HAVE_LIBC_PTHREAD
[4.334s] -- Performing Test CMAKE_HAVE_LIBC_PTHREAD - Success
[4.335s] -- Found Threads: TRUE  
[4.477s] -- Found nav_msgs: 4.9.0 (/opt/ros/humble/share/nav_msgs/cmake)
[4.542s] -- Found sensor_msgs: 4.9.0 (/opt/ros/humble/share/sensor_msgs/cmake)
[4.585s] -- Found std_srvs: 4.9.0 (/opt/ros/humble/share/std_srvs/cmake)
[4.622s] -- Found tf2: 0.25.15 (/opt/ros/humble/share/tf2/cmake)
[4.651s] -- Found tf2_ros: 0.25.15 (/opt/ros/humble/share/tf2_ros/cmake)
[4.900s] -- Found turtlebot3_msgs: 2.4.0 (/home/sungdeok/turtlebot3_ws/install/turtlebot3_msgs/share/turtlebot3_msgs/cmake)
[5.093s] -- Configuring done
[5.151s] -- Generating done
[5.167s] -- Build files have been written to: /home/sungdeok/turtlebot3_ws/build/turtlebot3_node
[5.194s] Invoked command in '/home/sungdeok/turtlebot3_ws/build/turtlebot3_node' returned '0': AMENT_PREFIX_PATH=/home/sungdeok/turtlebot3_ws/install/turtlebot3_msgs:${AMENT_PREFIX_PATH} CMAKE_PREFIX_PATH=/home/sungdeok/turtlebot3_ws/install/turtlebot3_msgs:/opt/ros/humble LD_LIBRARY_PATH=/home/sungdeok/turtlebot3_ws/install/turtlebot3_msgs/lib:/usr/lib/x86_64-linux-gnu/gazebo-11/plugins:/opt/ros/humble/opt/rviz_ogre_vendor/lib:/opt/ros/humble/lib/x86_64-linux-gnu:/opt/ros/humble/lib:/usr/lib/x86_64-linux-gnu/gazebo-11/plugins PYTHONPATH=/home/sungdeok/turtlebot3_ws/install/turtlebot3_msgs/local/lib/python3.10/dist-packages:${PYTHONPATH} /usr/bin/cmake /home/sungdeok/turtlebot3_ws/src/turtlebot3/turtlebot3_node -DAMENT_CMAKE_SYMLINK_INSTALL=1 -DCMAKE_INSTALL_PREFIX=/home/sungdeok/turtlebot3_ws/install/turtlebot3_node
[5.197s] Invoking command in '/home/sungdeok/turtlebot3_ws/build/turtlebot3_node': AMENT_PREFIX_PATH=/home/sungdeok/turtlebot3_ws/install/turtlebot3_msgs:${AMENT_PREFIX_PATH} CMAKE_PREFIX_PATH=/home/sungdeok/turtlebot3_ws/install/turtlebot3_msgs:/opt/ros/humble LD_LIBRARY_PATH=/home/sungdeok/turtlebot3_ws/install/turtlebot3_msgs/lib:/usr/lib/x86_64-linux-gnu/gazebo-11/plugins:/opt/ros/humble/opt/rviz_ogre_vendor/lib:/opt/ros/humble/lib/x86_64-linux-gnu:/opt/ros/humble/lib:/usr/lib/x86_64-linux-gnu/gazebo-11/plugins PYTHONPATH=/home/sungdeok/turtlebot3_ws/install/turtlebot3_msgs/local/lib/python3.10/dist-packages:${PYTHONPATH} /usr/bin/cmake --build /home/sungdeok/turtlebot3_ws/build/turtlebot3_node -- -j2 -l2
[5.286s] [  7%] [32mBuilding CXX object CMakeFiles/turtlebot3_node_lib.dir/src/devices/motor_power.cpp.o[0m
[11.845s] [ 14%] [32mBuilding CXX object CMakeFiles/turtlebot3_node_lib.dir/src/devices/sound.cpp.o[0m
[17.736s] [ 21%] [32mBuilding CXX object CMakeFiles/turtlebot3_node_lib.dir/src/devices/reset.cpp.o[0m
[23.696s] [ 28%] [32mBuilding CXX object CMakeFiles/turtlebot3_node_lib.dir/src/diff_drive_controller.cpp.o[0m
[28.870s] [ 35%] [32mBuilding CXX object CMakeFiles/turtlebot3_node_lib.dir/src/dynamixel_sdk_wrapper.cpp.o[0m
[29.725s] [ 42%] [32mBuilding CXX object CMakeFiles/turtlebot3_node_lib.dir/src/odometry.cpp.o[0m
[60.894s] [ 50%] [32mBuilding CXX object CMakeFiles/turtlebot3_node_lib.dir/src/turtlebot3.cpp.o[0m
[93.315s] [ 57%] [32mBuilding CXX object CMakeFiles/turtlebot3_node_lib.dir/src/sensors/battery_state.cpp.o[0m
[103.177s] [ 64%] [32mBuilding CXX object CMakeFiles/turtlebot3_node_lib.dir/src/sensors/imu.cpp.o[0m
[112.930s] [ 71%] [32mBuilding CXX object CMakeFiles/turtlebot3_node_lib.dir/src/sensors/joint_state.cpp.o[0m
[122.566s] [ 78%] [32mBuilding CXX object CMakeFiles/turtlebot3_node_lib.dir/src/sensors/sensor_state.cpp.o[0m
[131.738s] [ 85%] [32m[1mLinking CXX static library libturtlebot3_node_lib.a[0m
[132.891s] [ 85%] Built target turtlebot3_node_lib
[132.943s] [ 92%] [32mBuilding CXX object CMakeFiles/turtlebot3_ros.dir/src/node_main.cpp.o[0m
[140.804s] [100%] [32m[1mLinking CXX executable turtlebot3_ros[0m
[145.377s] [100%] Built target turtlebot3_ros
[145.412s] Invoked command in '/home/sungdeok/turtlebot3_ws/build/turtlebot3_node' returned '0': AMENT_PREFIX_PATH=/home/sungdeok/turtlebot3_ws/install/turtlebot3_msgs:${AMENT_PREFIX_PATH} CMAKE_PREFIX_PATH=/home/sungdeok/turtlebot3_ws/install/turtlebot3_msgs:/opt/ros/humble LD_LIBRARY_PATH=/home/sungdeok/turtlebot3_ws/install/turtlebot3_msgs/lib:/usr/lib/x86_64-linux-gnu/gazebo-11/plugins:/opt/ros/humble/opt/rviz_ogre_vendor/lib:/opt/ros/humble/lib/x86_64-linux-gnu:/opt/ros/humble/lib:/usr/lib/x86_64-linux-gnu/gazebo-11/plugins PYTHONPATH=/home/sungdeok/turtlebot3_ws/install/turtlebot3_msgs/local/lib/python3.10/dist-packages:${PYTHONPATH} /usr/bin/cmake --build /home/sungdeok/turtlebot3_ws/build/turtlebot3_node -- -j2 -l2
[145.419s] Invoking command in '/home/sungdeok/turtlebot3_ws/build/turtlebot3_node': AMENT_PREFIX_PATH=/home/sungdeok/turtlebot3_ws/install/turtlebot3_msgs:${AMENT_PREFIX_PATH} CMAKE_PREFIX_PATH=/home/sungdeok/turtlebot3_ws/install/turtlebot3_msgs:/opt/ros/humble LD_LIBRARY_PATH=/home/sungdeok/turtlebot3_ws/install/turtlebot3_msgs/lib:/usr/lib/x86_64-linux-gnu/gazebo-11/plugins:/opt/ros/humble/opt/rviz_ogre_vendor/lib:/opt/ros/humble/lib/x86_64-linux-gnu:/opt/ros/humble/lib:/usr/lib/x86_64-linux-gnu/gazebo-11/plugins PYTHONPATH=/home/sungdeok/turtlebot3_ws/install/turtlebot3_msgs/local/lib/python3.10/dist-packages:${PYTHONPATH} /usr/bin/cmake --install /home/sungdeok/turtlebot3_ws/build/turtlebot3_node
[145.435s] -- Install configuration: ""
[145.439s] -- Execute custom install script
[145.440s] -- Symlinking: /home/sungdeok/turtlebot3_ws/install/turtlebot3_node/share/turtlebot3_node/param/burger.yaml
[145.466s] -- Symlinking: /home/sungdeok/turtlebot3_ws/install/turtlebot3_node/share/turtlebot3_node/param/waffle.yaml
[145.479s] -- Symlinking: /home/sungdeok/turtlebot3_ws/install/turtlebot3_node/share/turtlebot3_node/param/waffle_pi.yaml
[145.494s] -- Symlinking: /home/sungdeok/turtlebot3_ws/install/turtlebot3_node/lib/turtlebot3_node/turtlebot3_ros
[145.520s] -- Symlinking: /home/sungdeok/turtlebot3_ws/install/turtlebot3_node/share/ament_index/resource_index/package_run_dependencies/turtlebot3_node
[145.541s] -- Symlinking: /home/sungdeok/turtlebot3_ws/install/turtlebot3_node/share/ament_index/resource_index/parent_prefix_path/turtlebot3_node
[145.560s] -- Symlinking: /home/sungdeok/turtlebot3_ws/install/turtlebot3_node/share/turtlebot3_node/environment/ament_prefix_path.sh
[145.580s] -- Symlinking: /home/sungdeok/turtlebot3_ws/install/turtlebot3_node/share/turtlebot3_node/environment/ament_prefix_path.dsv
[145.599s] -- Symlinking: /home/sungdeok/turtlebot3_ws/install/turtlebot3_node/share/turtlebot3_node/environment/path.sh
[145.624s] -- Symlinking: /home/sungdeok/turtlebot3_ws/install/turtlebot3_node/share/turtlebot3_node/environment/path.dsv
[145.644s] -- Symlinking: /home/sungdeok/turtlebot3_ws/install/turtlebot3_node/share/turtlebot3_node/local_setup.bash
[145.663s] -- Symlinking: /home/sungdeok/turtlebot3_ws/install/turtlebot3_node/share/turtlebot3_node/local_setup.sh
[145.688s] -- Symlinking: /home/sungdeok/turtlebot3_ws/install/turtlebot3_node/share/turtlebot3_node/local_setup.zsh
[145.718s] -- Symlinking: /home/sungdeok/turtlebot3_ws/install/turtlebot3_node/share/turtlebot3_node/local_setup.dsv
[145.734s] -- Symlinking: /home/sungdeok/turtlebot3_ws/install/turtlebot3_node/share/turtlebot3_node/package.dsv
[145.753s] -- Symlinking: /home/sungdeok/turtlebot3_ws/install/turtlebot3_node/share/ament_index/resource_index/packages/turtlebot3_node
[145.774s] -- Symlinking: /home/sungdeok/turtlebot3_ws/install/turtlebot3_node/share/turtlebot3_node/cmake/ament_cmake_export_dependencies-extras.cmake
[145.795s] -- Symlinking: /home/sungdeok/turtlebot3_ws/install/turtlebot3_node/share/turtlebot3_node/cmake/ament_cmake_export_include_directories-extras.cmake
[145.815s] -- Symlinking: /home/sungdeok/turtlebot3_ws/install/turtlebot3_node/share/turtlebot3_node/cmake/turtlebot3_nodeConfig.cmake
[145.833s] -- Symlinking: /home/sungdeok/turtlebot3_ws/install/turtlebot3_node/share/turtlebot3_node/cmake/turtlebot3_nodeConfig-version.cmake
[145.856s] -- Symlinking: /home/sungdeok/turtlebot3_ws/install/turtlebot3_node/share/turtlebot3_node/package.xml
[145.875s] Invoked command in '/home/sungdeok/turtlebot3_ws/build/turtlebot3_node' returned '0': AMENT_PREFIX_PATH=/home/sungdeok/turtlebot3_ws/install/turtlebot3_msgs:${AMENT_PREFIX_PATH} CMAKE_PREFIX_PATH=/home/sungdeok/turtlebot3_ws/install/turtlebot3_msgs:/opt/ros/humble LD_LIBRARY_PATH=/home/sungdeok/turtlebot3_ws/install/turtlebot3_msgs/lib:/usr/lib/x86_64-linux-gnu/gazebo-11/plugins:/opt/ros/humble/opt/rviz_ogre_vendor/lib:/opt/ros/humble/lib/x86_64-linux-gnu:/opt/ros/humble/lib:/usr/lib/x86_64-linux-gnu/gazebo-11/plugins PYTHONPATH=/home/sungdeok/turtlebot3_ws/install/turtlebot3_msgs/local/lib/python3.10/dist-packages:${PYTHONPATH} /usr/bin/cmake --install /home/sungdeok/turtlebot3_ws/build/turtlebot3_node
