[2.311s] Invoking command in '/home/sungdeok/turtlebot3_ws/build/turtlebot3_example': AMENT_PREFIX_PATH=/home/sungdeok/turtlebot3_ws/install/turtlebot3_msgs:${AMENT_PREFIX_PATH} CMAKE_PREFIX_PATH=/home/sungdeok/turtlebot3_ws/install/turtlebot3_msgs LD_LIBRARY_PATH=/home/sungdeok/turtlebot3_ws/install/turtlebot3_msgs/lib:/usr/lib/x86_64-linux-gnu/gazebo-11/plugins:/opt/ros/humble/opt/rviz_ogre_vendor/lib:/opt/ros/humble/lib/x86_64-linux-gnu:/opt/ros/humble/lib:/usr/lib/x86_64-linux-gnu/gazebo-11/plugins PYTHONPATH=/home/sungdeok/turtlebot3_ws/build/turtlebot3_example/prefix_override:/usr/lib/python3/dist-packages/colcon_core/task/python/colcon_distutils_commands:/home/sungdeok/turtlebot3_ws/install/turtlebot3_example/lib/python3.10/site-packages:/home/sungdeok/turtlebot3_ws/install/turtlebot3_msgs/local/lib/python3.10/dist-packages:${PYTHONPATH} /usr/bin/python3 -W ignore:setup.py install is deprecated -W ignore:easy_install command is deprecated setup.py develop --editable --build-directory /home/sungdeok/turtlebot3_ws/build/turtlebot3_example/build --no-deps symlink_data
[3.394s] running develop
[3.960s] running egg_info
[3.960s] creating turtlebot3_example.egg-info
[3.997s] writing turtlebot3_example.egg-info/PKG-INFO
[4.000s] writing dependency_links to turtlebot3_example.egg-info/dependency_links.txt
[4.000s] writing entry points to turtlebot3_example.egg-info/entry_points.txt
[4.000s] writing requirements to turtlebot3_example.egg-info/requires.txt
[4.001s] writing top-level names to turtlebot3_example.egg-info/top_level.txt
[4.001s] writing manifest file 'turtlebot3_example.egg-info/SOURCES.txt'
[4.082s] reading manifest file 'turtlebot3_example.egg-info/SOURCES.txt'
[4.084s] writing manifest file 'turtlebot3_example.egg-info/SOURCES.txt'
[4.109s] running build_ext
[4.112s] Creating /home/sungdeok/turtlebot3_ws/install/turtlebot3_example/lib/python3.10/site-packages/turtlebot3-example.egg-link (link to .)
[4.112s] Installing turtlebot3_absolute_move script to /home/sungdeok/turtlebot3_ws/install/turtlebot3_example/lib/turtlebot3_example
[4.112s] Installing turtlebot3_interactive_marker script to /home/sungdeok/turtlebot3_ws/install/turtlebot3_example/lib/turtlebot3_example
[4.112s] Installing turtlebot3_obstacle_detection script to /home/sungdeok/turtlebot3_ws/install/turtlebot3_example/lib/turtlebot3_example
[4.112s] Installing turtlebot3_patrol_client script to /home/sungdeok/turtlebot3_ws/install/turtlebot3_example/lib/turtlebot3_example
[4.113s] Installing turtlebot3_patrol_server script to /home/sungdeok/turtlebot3_ws/install/turtlebot3_example/lib/turtlebot3_example
[4.113s] Installing turtlebot3_relative_move script to /home/sungdeok/turtlebot3_ws/install/turtlebot3_example/lib/turtlebot3_example
[4.113s] 
[4.113s] Installed /home/sungdeok/turtlebot3_ws/build/turtlebot3_example
[4.113s] running symlink_data
[4.113s] creating /home/sungdeok/turtlebot3_ws/install/turtlebot3_example/share/ament_index
[4.113s] creating /home/sungdeok/turtlebot3_ws/install/turtlebot3_example/share/ament_index/resource_index
[4.113s] creating /home/sungdeok/turtlebot3_ws/install/turtlebot3_example/share/ament_index/resource_index/packages
[4.113s] symbolically linking /home/sungdeok/turtlebot3_ws/build/turtlebot3_example/resource/turtlebot3_example -> /home/sungdeok/turtlebot3_ws/install/turtlebot3_example/share/ament_index/resource_index/packages
[4.113s] symbolically linking /home/sungdeok/turtlebot3_ws/build/turtlebot3_example/package.xml -> /home/sungdeok/turtlebot3_ws/install/turtlebot3_example/share/turtlebot3_example
[4.196s] Invoked command in '/home/sungdeok/turtlebot3_ws/build/turtlebot3_example' returned '0': AMENT_PREFIX_PATH=/home/sungdeok/turtlebot3_ws/install/turtlebot3_msgs:${AMENT_PREFIX_PATH} CMAKE_PREFIX_PATH=/home/sungdeok/turtlebot3_ws/install/turtlebot3_msgs LD_LIBRARY_PATH=/home/sungdeok/turtlebot3_ws/install/turtlebot3_msgs/lib:/usr/lib/x86_64-linux-gnu/gazebo-11/plugins:/opt/ros/humble/opt/rviz_ogre_vendor/lib:/opt/ros/humble/lib/x86_64-linux-gnu:/opt/ros/humble/lib:/usr/lib/x86_64-linux-gnu/gazebo-11/plugins PYTHONPATH=/home/sungdeok/turtlebot3_ws/build/turtlebot3_example/prefix_override:/usr/lib/python3/dist-packages/colcon_core/task/python/colcon_distutils_commands:/home/sungdeok/turtlebot3_ws/install/turtlebot3_example/lib/python3.10/site-packages:/home/sungdeok/turtlebot3_ws/install/turtlebot3_msgs/local/lib/python3.10/dist-packages:${PYTHONPATH} /usr/bin/python3 -W ignore:setup.py install is deprecated -W ignore:easy_install command is deprecated setup.py develop --editable --build-directory /home/sungdeok/turtlebot3_ws/build/turtlebot3_example/build --no-deps symlink_data
